

Started GET "/sys_messages/new" for 127.0.0.1 at 2014-06-16 18:37:06 -0400
  [1m[36mActiveRecord::SchemaMigration Load (0.2ms)[0m  [1mSELECT `schema_migrations`.* FROM `schema_migrations`[0m
Processing by SysMessagesController#new as HTML
  [1m[35mUser Load (0.3ms)[0m  SELECT  `users`.* FROM `users`  WHERE `users`.`id` = 10  ORDER BY `users`.`id` ASC LIMIT 1
  Rendered sys_messages/new.html.haml within layouts/application (13.7ms)
  Rendered layouts/_navbar.html.haml (5.9ms)
  [1m[36mAccount Load (0.2ms)[0m  [1mSELECT  `accounts`.* FROM `accounts`  WHERE `accounts`.`id` = 1 LIMIT 1[0m
Completed 200 OK in 509ms (Views: 472.7ms | ActiveRecord: 12.8ms)


Started GET "/contacts?term=wils" for 127.0.0.1 at 2014-06-16 18:37:10 -0400
Processing by ContactsController#index as JSON
  Parameters: {"term"=>"wils"}
  [1m[35mUser Load (0.3ms)[0m  SELECT  `users`.* FROM `users`  WHERE `users`.`id` = 10  ORDER BY `users`.`id` ASC LIMIT 1
  [1m[36mAccount Load (0.2ms)[0m  [1mSELECT  `accounts`.* FROM `accounts`  WHERE `accounts`.`id` = 1 LIMIT 1[0m
  [1m[35mContact Load (0.5ms)[0m  SELECT `contacts`.* FROM `contacts`  WHERE `contacts`.`account_id` = 1 AND (name like '%wils%')  ORDER BY `contacts`.`name` ASC
Completed 200 OK in 30ms (Views: 0.3ms | ActiveRecord: 11.1ms)


Started POST "/sys_messages" for 127.0.0.1 at 2014-06-16 18:37:16 -0400
Processing by SysMessagesController#create as HTML
  Parameters: {"utf8"=>"✓", "authenticity_token"=>"HnEoBGS5fu9OBo0gaimDjn5PfpKyicV/5P5MJnfiK2M=", "sys_message"=>{"contact_id"=>"1", "msg"=>"this is a test"}, "contact_id_input"=>"Chis Wilson", "commit"=>"Send"}
  [1m[36mUser Load (0.3ms)[0m  [1mSELECT  `users`.* FROM `users`  WHERE `users`.`id` = 10  ORDER BY `users`.`id` ASC LIMIT 1[0m
  [1m[35mContact Load (0.3ms)[0m  SELECT  `contacts`.* FROM `contacts`  WHERE `contacts`.`id` = 1 LIMIT 1
  [1m[36mCACHE (0.0ms)[0m  [1mSELECT  `contacts`.* FROM `contacts`  WHERE `contacts`.`id` = 1 LIMIT 1[0m  [["id", "1"]]
  [1m[35mCommDevice Load (1.5ms)[0m  SELECT `comm_devices`.* FROM `comm_devices`  WHERE `comm_devices`.`contact_id` = 1
  Rendered msgmailer/send_the_email.text.haml (2.1ms)

Msgmailer#send_the_email: processed outbound mail in 20.6ms

Sent mail to 8434372611@vtext.com (13.4ms)
Date: Mon, 16 Jun 2014 18:37:16 -0400
From: service@commoneoncall.com
To: 8434372611@vtext.com
Message-ID: <539f719cdbc4d_1ebe830416587344@Chisolms-MacBook-Pro.local.mail>
Subject: new msg
Mime-Version: 1.0
Content-Type: text/plain;
 charset=UTF-8
Content-Transfer-Encoding: 7bit

this is a test

  Rendered msgmailer/send_the_email.text.haml (0.1ms)

Msgmailer#send_the_email: processed outbound mail in 10.7ms

Sent mail to cw@commonesystems.com (9.5ms)
Date: Mon, 16 Jun 2014 18:37:16 -0400
From: service@commoneoncall.com
To: cw@commonesystems.com
Message-ID: <539f719ce07c8_1ebe830416587483@Chisolms-MacBook-Pro.local.mail>
Subject: new msg
Mime-Version: 1.0
Content-Type: text/plain;
 charset=UTF-8
Content-Transfer-Encoding: 7bit

this is a test

  [1m[36m (0.1ms)[0m  [1mBEGIN[0m
  [1m[35mSQL (0.2ms)[0m  INSERT INTO `sys_messages` (`attempts`, `contact_id`, `created_at`, `from_account_id`, `from_user_id`, `msg`, `updated_at`) VALUES (0, '1', '2014-06-16 22:37:16', 1, 10, 'this is a test', '2014-06-16 22:37:16')
  [1m[36m (0.3ms)[0m  [1mCOMMIT[0m
Redirected to http://localhost:3000/
Completed 302 Found in 109ms (ActiveRecord: 23.0ms)


Started GET "/" for 127.0.0.1 at 2014-06-16 18:37:16 -0400
Processing by WelcomeController#index as HTML
  [1m[35mUser Load (0.3ms)[0m  SELECT  `users`.* FROM `users`  WHERE `users`.`id` = 10  ORDER BY `users`.`id` ASC LIMIT 1
  Rendered welcome/index.html.haml within layouts/application (0.8ms)
  Rendered layouts/_navbar.html.haml (5.4ms)
  [1m[36mAccount Load (0.3ms)[0m  [1mSELECT  `accounts`.* FROM `accounts`  WHERE `accounts`.`id` = 1 LIMIT 1[0m
Completed 200 OK in 29ms (Views: 27.2ms | ActiveRecord: 0.6ms)


Started GET "/" for 127.0.0.1 at 2014-06-16 18:55:07 -0400
  [1m[36mActiveRecord::SchemaMigration Load (0.2ms)[0m  [1mSELECT `schema_migrations`.* FROM `schema_migrations`[0m
Processing by WelcomeController#index as HTML
  [1m[35mUser Load (0.3ms)[0m  SELECT  `users`.* FROM `users`  WHERE `users`.`id` = 10  ORDER BY `users`.`id` ASC LIMIT 1
  Rendered welcome/index.html.haml within layouts/application (1.4ms)
  Rendered layouts/_navbar.html.haml (5.4ms)
  [1m[36mAccount Load (0.3ms)[0m  [1mSELECT  `accounts`.* FROM `accounts`  WHERE `accounts`.`id` = 1 LIMIT 1[0m
Completed 200 OK in 507ms (Views: 471.5ms | ActiveRecord: 11.7ms)


Started GET "/sys_messages/new" for 127.0.0.1 at 2014-06-16 18:55:14 -0400
Processing by SysMessagesController#new as HTML
  [1m[35mUser Load (0.3ms)[0m  SELECT  `users`.* FROM `users`  WHERE `users`.`id` = 10  ORDER BY `users`.`id` ASC LIMIT 1
  Rendered sys_messages/new.html.haml within layouts/application (17.8ms)
  Rendered layouts/_navbar.html.haml (5.5ms)
  [1m[36mAccount Load (0.2ms)[0m  [1mSELECT  `accounts`.* FROM `accounts`  WHERE `accounts`.`id` = 1 LIMIT 1[0m
Completed 200 OK in 61ms (Views: 45.1ms | ActiveRecord: 11.0ms)


Started GET "/contacts?term=wilson" for 127.0.0.1 at 2014-06-16 18:55:18 -0400
Processing by ContactsController#index as JSON
  Parameters: {"term"=>"wilson"}
  [1m[35mUser Load (0.3ms)[0m  SELECT  `users`.* FROM `users`  WHERE `users`.`id` = 10  ORDER BY `users`.`id` ASC LIMIT 1
  [1m[36mAccount Load (0.2ms)[0m  [1mSELECT  `accounts`.* FROM `accounts`  WHERE `accounts`.`id` = 1 LIMIT 1[0m
  [1m[35mContact Load (0.4ms)[0m  SELECT `contacts`.* FROM `contacts`  WHERE `contacts`.`account_id` = 1 AND (name like '%wilson%')  ORDER BY `contacts`.`name` ASC
Completed 200 OK in 25ms (Views: 0.2ms | ActiveRecord: 10.8ms)


Started POST "/sys_messages" for 127.0.0.1 at 2014-06-16 18:55:29 -0400
Processing by SysMessagesController#create as HTML
  Parameters: {"utf8"=>"✓", "authenticity_token"=>"HnEoBGS5fu9OBo0gaimDjn5PfpKyicV/5P5MJnfiK2M=", "sys_message"=>{"contact_id"=>"1", "msg"=>"this is a test, bro"}, "contact_id_input"=>"Chis Wilson", "commit"=>"Send"}
  [1m[36mUser Load (0.5ms)[0m  [1mSELECT  `users`.* FROM `users`  WHERE `users`.`id` = 10  ORDER BY `users`.`id` ASC LIMIT 1[0m
  [1m[35mContact Load (0.4ms)[0m  SELECT  `contacts`.* FROM `contacts`  WHERE `contacts`.`id` = 1 LIMIT 1
  [1m[36mCACHE (0.0ms)[0m  [1mSELECT  `contacts`.* FROM `contacts`  WHERE `contacts`.`id` = 1 LIMIT 1[0m  [["id", "1"]]
  [1m[35mCommDevice Load (0.2ms)[0m  SELECT `comm_devices`.* FROM `comm_devices`  WHERE `comm_devices`.`contact_id` = 1
  Rendered msgmailer/send_the_email.text.haml (2.4ms)

Msgmailer#send_the_email: processed outbound mail in 25.4ms

Sent mail to 8434372611@vtext.com (30012.3ms)
Date: Mon, 16 Jun 2014 18:55:29 -0400
From: service@commoneoncall.com
To: 8434372611@vtext.com
Message-ID: <539f75e13dada_1ed8835f723c963d4@Chisolms-MacBook-Pro.local.mail>
Subject: new msg
Mime-Version: 1.0
Content-Type: text/plain;
 charset=UTF-8
Content-Transfer-Encoding: 7bit

this is a test, bro

  Rendered msgmailer/send_the_email.text.haml (0.1ms)

Msgmailer#send_the_email: processed outbound mail in 9.6ms

Sent mail to cw@commonesystems.com (30005.7ms)
Date: Mon, 16 Jun 2014 18:55:59 -0400
From: service@commoneoncall.com
To: cw@commonesystems.com
Message-ID: <539f75ff42124_1ed8835f723c9649b@Chisolms-MacBook-Pro.local.mail>
Subject: new msg
Mime-Version: 1.0
Content-Type: text/plain;
 charset=UTF-8
Content-Transfer-Encoding: 7bit

this is a test, bro

  [1m[36m (0.2ms)[0m  [1mBEGIN[0m
  [1m[35mSQL (0.2ms)[0m  INSERT INTO `sys_messages` (`attempts`, `contact_id`, `created_at`, `from_account_id`, `from_user_id`, `msg`, `updated_at`) VALUES (0, '1', '2014-06-16 22:56:29', 1, 10, 'this is a test, bro', '2014-06-16 22:56:29')
  [1m[36m (8.5ms)[0m  [1mCOMMIT[0m
Redirected to http://localhost:3000/
Completed 302 Found in 60097ms (ActiveRecord: 23.7ms)


Started GET "/" for 127.0.0.1 at 2014-06-16 18:56:29 -0400
Processing by WelcomeController#index as HTML
  [1m[35mUser Load (0.3ms)[0m  SELECT  `users`.* FROM `users`  WHERE `users`.`id` = 10  ORDER BY `users`.`id` ASC LIMIT 1
  Rendered welcome/index.html.haml within layouts/application (0.1ms)
  Rendered layouts/_navbar.html.haml (0.5ms)
  [1m[36mAccount Load (0.3ms)[0m  [1mSELECT  `accounts`.* FROM `accounts`  WHERE `accounts`.`id` = 1 LIMIT 1[0m
Completed 200 OK in 22ms (Views: 20.5ms | ActiveRecord: 0.5ms)


Started GET "/sys_messages/new" for 127.0.0.1 at 2014-06-16 19:01:17 -0400
Processing by SysMessagesController#new as HTML
  [1m[35mUser Load (0.2ms)[0m  SELECT  `users`.* FROM `users`  WHERE `users`.`id` = 10  ORDER BY `users`.`id` ASC LIMIT 1
  Rendered sys_messages/new.html.haml within layouts/application (4.9ms)
  Rendered layouts/_navbar.html.haml (0.5ms)
  [1m[36mAccount Load (0.2ms)[0m  [1mSELECT  `accounts`.* FROM `accounts`  WHERE `accounts`.`id` = 1 LIMIT 1[0m
Completed 200 OK in 60ms (Views: 32.9ms | ActiveRecord: 13.3ms)


Started GET "/contacts?term=wils" for 127.0.0.1 at 2014-06-16 19:01:20 -0400
Processing by ContactsController#index as JSON
  Parameters: {"term"=>"wils"}
  [1m[35mUser Load (0.3ms)[0m  SELECT  `users`.* FROM `users`  WHERE `users`.`id` = 10  ORDER BY `users`.`id` ASC LIMIT 1
  [1m[36mAccount Load (0.2ms)[0m  [1mSELECT  `accounts`.* FROM `accounts`  WHERE `accounts`.`id` = 1 LIMIT 1[0m
  [1m[35mContact Load (0.4ms)[0m  SELECT `contacts`.* FROM `contacts`  WHERE `contacts`.`account_id` = 1 AND (name like '%wils%')  ORDER BY `contacts`.`name` ASC
Completed 200 OK in 22ms (Views: 0.2ms | ActiveRecord: 10.9ms)


Started POST "/sys_messages" for 127.0.0.1 at 2014-06-16 19:01:29 -0400
Processing by SysMessagesController#create as HTML
  Parameters: {"utf8"=>"✓", "authenticity_token"=>"HnEoBGS5fu9OBo0gaimDjn5PfpKyicV/5P5MJnfiK2M=", "sys_message"=>{"contact_id"=>"1", "msg"=>"this is a test bro!"}, "contact_id_input"=>"Chis Wilson", "commit"=>"Send"}
  [1m[36mUser Load (0.4ms)[0m  [1mSELECT  `users`.* FROM `users`  WHERE `users`.`id` = 10  ORDER BY `users`.`id` ASC LIMIT 1[0m
  [1m[35mContact Load (0.3ms)[0m  SELECT  `contacts`.* FROM `contacts`  WHERE `contacts`.`id` = 1 LIMIT 1
  [1m[36mCACHE (0.1ms)[0m  [1mSELECT  `contacts`.* FROM `contacts`  WHERE `contacts`.`id` = 1 LIMIT 1[0m  [["id", "1"]]
  [1m[35mCommDevice Load (1.3ms)[0m  SELECT `comm_devices`.* FROM `comm_devices`  WHERE `comm_devices`.`contact_id` = 1
  Rendered msgmailer/send_the_email.text.haml (0.2ms)

Msgmailer#send_the_email: processed outbound mail in 15.1ms

Sent mail to 8434372611@vtext.com (30010.0ms)
Date: Mon, 16 Jun 2014 19:01:29 -0400
From: service@commoneoncall.com
To: 8434372611@vtext.com
Message-ID: <539f7749809b7_1ed8837d5090965a7@Chisolms-MacBook-Pro.local.mail>
Subject: new msg
Mime-Version: 1.0
Content-Type: text/plain;
 charset=UTF-8
Content-Transfer-Encoding: 7bit

this is a test bro!

  [1m[36m (0.2ms)[0m  [1mBEGIN[0m
  [1m[35mSQL (0.3ms)[0m  INSERT INTO `sys_messages` (`attempts`, `contact_id`, `created_at`, `from_account_id`, `from_user_id`, `msg`, `updated_at`) VALUES (0, '1', '2014-06-16 23:01:59', 1, 10, 'this is a test bro!', '2014-06-16 23:01:59')
  [1m[36m (8.3ms)[0m  [1mCOMMIT[0m
Redirected to http://localhost:3000/
Completed 302 Found in 30099ms (ActiveRecord: 20.6ms)


Started GET "/" for 127.0.0.1 at 2014-06-16 19:01:59 -0400
Processing by WelcomeController#index as HTML
  [1m[35mUser Load (0.3ms)[0m  SELECT  `users`.* FROM `users`  WHERE `users`.`id` = 10  ORDER BY `users`.`id` ASC LIMIT 1
  Rendered welcome/index.html.haml within layouts/application (0.1ms)
  Rendered layouts/_navbar.html.haml (0.5ms)
  [1m[36mAccount Load (0.2ms)[0m  [1mSELECT  `accounts`.* FROM `accounts`  WHERE `accounts`.`id` = 1 LIMIT 1[0m
Completed 200 OK in 23ms (Views: 21.3ms | ActiveRecord: 0.5ms)


Started DELETE "/users/sign_out" for 127.0.0.1 at 2014-06-16 19:17:35 -0400
  [1m[36mActiveRecord::SchemaMigration Load (0.2ms)[0m  [1mSELECT `schema_migrations`.* FROM `schema_migrations`[0m
Processing by Devise::SessionsController#destroy as HTML
  Parameters: {"authenticity_token"=>"HnEoBGS5fu9OBo0gaimDjn5PfpKyicV/5P5MJnfiK2M="}
  [1m[35mUser Load (0.3ms)[0m  SELECT  `users`.* FROM `users`  WHERE `users`.`id` = 10  ORDER BY `users`.`id` ASC LIMIT 1
  [1m[36m (0.1ms)[0m  [1mBEGIN[0m
  [1m[35m (0.1ms)[0m  COMMIT
Redirected to http://localhost:3000/
Completed 302 Found in 63ms (ActiveRecord: 19.9ms)


Started GET "/" for 127.0.0.1 at 2014-06-16 19:17:35 -0400
Processing by WelcomeController#index as HTML
Completed 401 Unauthorized in 4ms


Started GET "/users/sign_in" for 127.0.0.1 at 2014-06-16 19:17:35 -0400
Processing by Devise::SessionsController#new as HTML
  Rendered devise/sessions/new.html.haml within layouts/application (13.7ms)
  Rendered layouts/_navbar.html.haml (6.3ms)
Completed 200 OK in 571ms (Views: 569.0ms | ActiveRecord: 0.0ms)


Started POST "/users/sign_in" for 127.0.0.1 at 2014-06-16 19:17:48 -0400
Processing by Devise::SessionsController#create as HTML
  Parameters: {"utf8"=>"✓", "authenticity_token"=>"E7stMiCTpkaIj4YTPAYnyJVGExkkkVha6maK3hUZ9/Q=", "user"=>{"email"=>"joe@digit.com", "password"=>"[FILTERED]", "remember_me"=>"0"}, "commit"=>"Sign in"}
  [1m[36mUser Load (0.5ms)[0m  [1mSELECT  `users`.* FROM `users`  WHERE `users`.`email` = 'joe@digit.com'  ORDER BY `users`.`id` ASC LIMIT 1[0m
  [1m[35m (0.4ms)[0m  BEGIN
  [1m[36mSQL (0.3ms)[0m  [1mUPDATE `users` SET `current_sign_in_at` = '2014-06-16 23:17:48', `last_sign_in_at` = '2014-06-16 21:20:44', `sign_in_count` = 18, `updated_at` = '2014-06-16 23:17:48' WHERE `users`.`id` = 10[0m
  [1m[35m (0.4ms)[0m  COMMIT
Redirected to http://localhost:3000/
Completed 302 Found in 89ms (ActiveRecord: 1.6ms)


Started GET "/" for 127.0.0.1 at 2014-06-16 19:17:48 -0400
Processing by WelcomeController#index as HTML
  [1m[36mUser Load (0.3ms)[0m  [1mSELECT  `users`.* FROM `users`  WHERE `users`.`id` = 10  ORDER BY `users`.`id` ASC LIMIT 1[0m
  Rendered welcome/index.html.haml within layouts/application (2.0ms)
  Rendered layouts/_navbar.html.haml (0.5ms)
  [1m[35mAccount Load (0.2ms)[0m  SELECT  `accounts`.* FROM `accounts`  WHERE `accounts`.`id` = 1 LIMIT 1
Completed 200 OK in 67ms (Views: 45.7ms | ActiveRecord: 19.8ms)


Started GET "/sys_messages/new" for 127.0.0.1 at 2014-06-16 19:17:54 -0400
Processing by SysMessagesController#new as HTML
  [1m[36mUser Load (0.2ms)[0m  [1mSELECT  `users`.* FROM `users`  WHERE `users`.`id` = 10  ORDER BY `users`.`id` ASC LIMIT 1[0m
  Rendered sys_messages/new.html.haml within layouts/application (9.9ms)
  Rendered layouts/_navbar.html.haml (5.9ms)
  [1m[35mAccount Load (0.3ms)[0m  SELECT  `accounts`.* FROM `accounts`  WHERE `accounts`.`id` = 1 LIMIT 1
Completed 200 OK in 63ms (Views: 39.3ms | ActiveRecord: 19.4ms)


Started GET "/contacts?term=chis" for 127.0.0.1 at 2014-06-16 19:17:56 -0400
Processing by ContactsController#index as JSON
  Parameters: {"term"=>"chis"}
  [1m[36mUser Load (0.3ms)[0m  [1mSELECT  `users`.* FROM `users`  WHERE `users`.`id` = 10  ORDER BY `users`.`id` ASC LIMIT 1[0m
  [1m[35mAccount Load (0.2ms)[0m  SELECT  `accounts`.* FROM `accounts`  WHERE `accounts`.`id` = 1 LIMIT 1
  [1m[36mContact Load (0.4ms)[0m  [1mSELECT `contacts`.* FROM `contacts`  WHERE `contacts`.`account_id` = 1 AND (name like '%chis%')  ORDER BY `contacts`.`name` ASC[0m
Completed 200 OK in 45ms (Views: 0.3ms | ActiveRecord: 20.9ms)


Started POST "/sys_messages" for 127.0.0.1 at 2014-06-16 19:18:08 -0400
Processing by SysMessagesController#create as HTML
  Parameters: {"utf8"=>"✓", "authenticity_token"=>"yBl7oxNUnB4xMCwVFa/mPoDN1jVsADfuYhG8SxZng7g=", "sys_message"=>{"contact_id"=>"1", "msg"=>"this is test number 10 to cheese"}, "contact_id_input"=>"Chis Wilson", "commit"=>"Send"}
  [1m[35mUser Load (0.9ms)[0m  SELECT  `users`.* FROM `users`  WHERE `users`.`id` = 10  ORDER BY `users`.`id` ASC LIMIT 1
  [1m[36mContact Load (0.4ms)[0m  [1mSELECT  `contacts`.* FROM `contacts`  WHERE `contacts`.`id` = 1 LIMIT 1[0m
  [1m[35mCACHE (0.0ms)[0m  SELECT  `contacts`.* FROM `contacts`  WHERE `contacts`.`id` = 1 LIMIT 1  [["id", "1"]]
  [1m[36mCommDevice Load (1.2ms)[0m  [1mSELECT `comm_devices`.* FROM `comm_devices`  WHERE `comm_devices`.`contact_id` = 1[0m
  Rendered msgmailer/send_the_email.text.haml (1.0ms)

Msgmailer#send_the_email: processed outbound mail in 18.3ms

Sent mail to 8434372611@vtext.com (30013.4ms)
Date: Mon, 16 Jun 2014 19:18:08 -0400
From: service@commoneoncall.com
To: 8434372611@vtext.com
Message-ID: <539f7b309a2a4_206180b3ad283276@Chisolms-MacBook-Pro.local.mail>
Subject: new msg
Mime-Version: 1.0
Content-Type: text/plain;
 charset=UTF-8
Content-Transfer-Encoding: 7bit

this is test number 10 to cheese

  [1m[35m (0.2ms)[0m  BEGIN
  [1m[36mSQL (0.2ms)[0m  [1mINSERT INTO `sys_messages` (`attempts`, `contact_id`, `created_at`, `from_account_id`, `from_user_id`, `msg`, `updated_at`) VALUES (0, '1', '2014-06-16 23:18:38', 1, 10, 'this is test number 10 to cheese', '2014-06-16 23:18:38')[0m
  [1m[35m (8.3ms)[0m  COMMIT
Redirected to http://localhost:3000/
Completed 302 Found in 30107ms (ActiveRecord: 33.1ms)


Started GET "/" for 127.0.0.1 at 2014-06-16 19:18:38 -0400
Processing by WelcomeController#index as HTML
  [1m[36mUser Load (0.3ms)[0m  [1mSELECT  `users`.* FROM `users`  WHERE `users`.`id` = 10  ORDER BY `users`.`id` ASC LIMIT 1[0m
  Rendered welcome/index.html.haml within layouts/application (0.1ms)
  Rendered layouts/_navbar.html.haml (0.5ms)
  [1m[35mAccount Load (0.3ms)[0m  SELECT  `accounts`.* FROM `accounts`  WHERE `accounts`.`id` = 1 LIMIT 1
Completed 200 OK in 24ms (Views: 22.2ms | ActiveRecord: 0.5ms)


Started DELETE "/users/sign_out" for 127.0.0.1 at 2014-06-16 19:20:57 -0400
Processing by Devise::SessionsController#destroy as HTML
  Parameters: {"authenticity_token"=>"yBl7oxNUnB4xMCwVFa/mPoDN1jVsADfuYhG8SxZng7g="}
  [1m[36mUser Load (0.3ms)[0m  [1mSELECT  `users`.* FROM `users`  WHERE `users`.`id` = 10  ORDER BY `users`.`id` ASC LIMIT 1[0m
  [1m[35m (0.1ms)[0m  BEGIN
  [1m[36m (0.1ms)[0m  [1mCOMMIT[0m
Redirected to http://localhost:3000/
Completed 302 Found in 5ms (ActiveRecord: 0.4ms)


Started GET "/" for 127.0.0.1 at 2014-06-16 19:20:57 -0400
Processing by WelcomeController#index as HTML
Completed 401 Unauthorized in 1ms


Started GET "/users/sign_in" for 127.0.0.1 at 2014-06-16 19:20:57 -0400
Processing by Devise::SessionsController#new as HTML
  Rendered devise/sessions/new.html.haml within layouts/application (1.9ms)
  Rendered layouts/_navbar.html.haml (0.5ms)
Completed 200 OK in 30ms (Views: 28.5ms | ActiveRecord: 0.0ms)
